This is pdfTeX, Version 3.14159265-2.6-1.40.17 (TeX Live 2016) (preloaded format=pdflatex 2016.5.22)  27 MAR 2017 02:42
entering extended mode
 restricted \write18 enabled.
 file:line:error style messages enabled.
 %&-line parsing enabled.
**report2.tex
(./report2.tex
LaTeX2e <2016/03/31>
Babel <3.9r> and hyphenation patterns for 83 language(s) loaded.
(/usr/local/texlive/2016/texmf-dist/tex/latex/base/article.cls
Document Class: article 2014/09/29 v1.4h Standard LaTeX document class
(/usr/local/texlive/2016/texmf-dist/tex/latex/base/size12.clo
File: size12.clo 2014/09/29 v1.4h Standard LaTeX file (size option)
)
\c@part=\count79
\c@section=\count80
\c@subsection=\count81
\c@subsubsection=\count82
\c@paragraph=\count83
\c@subparagraph=\count84
\c@figure=\count85
\c@table=\count86
\abovecaptionskip=\skip41
\belowcaptionskip=\skip42
\bibindent=\dimen102
)
(/usr/local/texlive/2016/texmf-dist/tex/latex/graphics/graphicx.sty
Package: graphicx 2014/10/28 v1.0g Enhanced LaTeX Graphics (DPC,SPQR)

(/usr/local/texlive/2016/texmf-dist/tex/latex/graphics/keyval.sty
Package: keyval 2014/10/28 v1.15 key=value parser (DPC)
\KV@toks@=\toks14
)
(/usr/local/texlive/2016/texmf-dist/tex/latex/graphics/graphics.sty
Package: graphics 2016/05/09 v1.0r Standard LaTeX Graphics (DPC,SPQR)

(/usr/local/texlive/2016/texmf-dist/tex/latex/graphics/trig.sty
Package: trig 2016/01/03 v1.10 sin cos tan (DPC)
)
(/usr/local/texlive/2016/texmf-dist/tex/latex/graphics-cfg/graphics.cfg
File: graphics.cfg 2016/01/02 v1.10 sample graphics configuration
)
Package graphics Info: Driver file: pdftex.def on input line 96.

(/usr/local/texlive/2016/texmf-dist/tex/latex/pdftex-def/pdftex.def
File: pdftex.def 2011/05/27 v0.06d Graphics/color for pdfTeX

(/usr/local/texlive/2016/texmf-dist/tex/generic/oberdiek/infwarerr.sty
Package: infwarerr 2016/05/16 v1.4 Providing info/warning/error messages (HO)
)
(/usr/local/texlive/2016/texmf-dist/tex/generic/oberdiek/ltxcmds.sty
Package: ltxcmds 2016/05/16 v1.23 LaTeX kernel commands for general use (HO)
)
\Gread@gobject=\count87
))
\Gin@req@height=\dimen103
\Gin@req@width=\dimen104
)
(/usr/local/texlive/2016/texmf-dist/tex/latex/amsmath/amsmath.sty
Package: amsmath 2016/03/10 v2.15b AMS math features
\@mathmargin=\skip43

For additional information on amsmath, use the `?' option.
(/usr/local/texlive/2016/texmf-dist/tex/latex/amsmath/amstext.sty
Package: amstext 2000/06/29 v2.01 AMS text

(/usr/local/texlive/2016/texmf-dist/tex/latex/amsmath/amsgen.sty
File: amsgen.sty 1999/11/30 v2.0 generic functions
\@emptytoks=\toks15
\ex@=\dimen105
))
(/usr/local/texlive/2016/texmf-dist/tex/latex/amsmath/amsbsy.sty
Package: amsbsy 1999/11/29 v1.2d Bold Symbols
\pmbraise@=\dimen106
)
(/usr/local/texlive/2016/texmf-dist/tex/latex/amsmath/amsopn.sty
Package: amsopn 2016/03/08 v2.02 operator names
)
\inf@bad=\count88
LaTeX Info: Redefining \frac on input line 199.
\uproot@=\count89
\leftroot@=\count90
LaTeX Info: Redefining \overline on input line 297.
\classnum@=\count91
\DOTSCASE@=\count92
LaTeX Info: Redefining \ldots on input line 394.
LaTeX Info: Redefining \dots on input line 397.
LaTeX Info: Redefining \cdots on input line 518.
\Mathstrutbox@=\box26
\strutbox@=\box27
\big@size=\dimen107
LaTeX Font Info:    Redeclaring font encoding OML on input line 634.
LaTeX Font Info:    Redeclaring font encoding OMS on input line 635.
\macc@depth=\count93
\c@MaxMatrixCols=\count94
\dotsspace@=\muskip10
\c@parentequation=\count95
\dspbrk@lvl=\count96
\tag@help=\toks16
\row@=\count97
\column@=\count98
\maxfields@=\count99
\andhelp@=\toks17
\eqnshift@=\dimen108
\alignsep@=\dimen109
\tagshift@=\dimen110
\tagwidth@=\dimen111
\totwidth@=\dimen112
\lineht@=\dimen113
\@envbody=\toks18
\multlinegap=\skip44
\multlinetaggap=\skip45
\mathdisplay@stack=\toks19
LaTeX Info: Redefining \[ on input line 2739.
LaTeX Info: Redefining \] on input line 2740.
)
(/usr/local/texlive/2016/texmf-dist/tex/latex/listings/listings.sty
\lst@mode=\count100
\lst@gtempboxa=\box28
\lst@token=\toks20
\lst@length=\count101
\lst@currlwidth=\dimen114
\lst@column=\count102
\lst@pos=\count103
\lst@lostspace=\dimen115
\lst@width=\dimen116
\lst@newlines=\count104
\lst@lineno=\count105
\lst@maxwidth=\dimen117

(/usr/local/texlive/2016/texmf-dist/tex/latex/listings/lstmisc.sty
File: lstmisc.sty 2015/06/04 1.6 (Carsten Heinz)
\c@lstnumber=\count106
\lst@skipnumbers=\count107
\lst@framebox=\box29
)
(/usr/local/texlive/2016/texmf-dist/tex/latex/listings/listings.cfg
File: listings.cfg 2015/06/04 1.6 listings configuration
))
Package: listings 2015/06/04 1.6 (Carsten Heinz)

(/usr/local/texlive/2016/texmf-dist/tex/latex/chngcntr/chngcntr.sty
Package: chngcntr 2009/09/02 v1.0a change counter resetting
)
(/usr/local/texlive/2016/texmf-dist/tex/latex/titlepic/titlepic.sty
Package: titlepic 2009/08/03 1.1 Package to display a picture on the title page

)
(/usr/local/texlive/2016/texmf-dist/tex/latex/hyperref/hyperref.sty
Package: hyperref 2016/05/05 v6.83n Hypertext links for LaTeX

(/usr/local/texlive/2016/texmf-dist/tex/generic/oberdiek/hobsub-hyperref.sty
Package: hobsub-hyperref 2016/05/16 v1.14 Bundle oberdiek, subset hyperref (HO)


(/usr/local/texlive/2016/texmf-dist/tex/generic/oberdiek/hobsub-generic.sty
Package: hobsub-generic 2016/05/16 v1.14 Bundle oberdiek, subset generic (HO)
Package: hobsub 2016/05/16 v1.14 Construct package bundles (HO)
Package hobsub Info: Skipping package `infwarerr' (already loaded).
Package hobsub Info: Skipping package `ltxcmds' (already loaded).
Package: ifluatex 2016/05/16 v1.4 Provides the ifluatex switch (HO)
Package ifluatex Info: LuaTeX not detected.
Package: ifvtex 2016/05/16 v1.6 Detect VTeX and its facilities (HO)
Package ifvtex Info: VTeX not detected.
Package: intcalc 2016/05/16 v1.2 Expandable calculations with integers (HO)
Package: ifpdf 2016/05/14 v3.1 Provides the ifpdf switch
Package: etexcmds 2016/05/16 v1.6 Avoid name clashes with e-TeX commands (HO)
Package etexcmds Info: Could not find \expanded.
(etexcmds)             That can mean that you are not using pdfTeX 1.50 or
(etexcmds)             that some package has redefined \expanded.
(etexcmds)             In the latter case, load this package earlier.
Package: kvsetkeys 2016/05/16 v1.17 Key value parser (HO)
Package: kvdefinekeys 2016/05/16 v1.4 Define keys (HO)
Package: pdftexcmds 2016/05/10 v0.21 Utility functions of pdfTeX for LuaTeX (HO
)
Package pdftexcmds Info: LuaTeX not detected.
Package pdftexcmds Info: \pdf@primitive is available.
Package pdftexcmds Info: \pdf@ifprimitive is available.
Package pdftexcmds Info: \pdfdraftmode found.
Package: pdfescape 2016/05/16 v1.14 Implements pdfTeX's escape features (HO)
Package: bigintcalc 2016/05/16 v1.4 Expandable calculations on big integers (HO
)
Package: bitset 2016/05/16 v1.2 Handle bit-vector datatype (HO)
Package: uniquecounter 2016/05/16 v1.3 Provide unlimited unique counter (HO)
)
Package hobsub Info: Skipping package `hobsub' (already loaded).
Package: letltxmacro 2016/05/16 v1.5 Let assignment for LaTeX macros (HO)
Package: hopatch 2016/05/16 v1.3 Wrapper for package hooks (HO)
Package: xcolor-patch 2016/05/16 xcolor patch
Package: atveryend 2016/05/16 v1.9 Hooks at the very end of document (HO)
Package atveryend Info: \enddocument detected (standard20110627).
Package: atbegshi 2016/05/16 v1.17 At begin shipout hook (HO)
Package: refcount 2016/05/16 v3.5 Data extraction from label references (HO)
Package: hycolor 2016/05/16 v1.8 Color options for hyperref/bookmark (HO)
)
(/usr/local/texlive/2016/texmf-dist/tex/generic/ifxetex/ifxetex.sty
Package: ifxetex 2010/09/12 v0.6 Provides ifxetex conditional
)
(/usr/local/texlive/2016/texmf-dist/tex/latex/oberdiek/auxhook.sty
Package: auxhook 2016/05/16 v1.4 Hooks for auxiliary files (HO)
)
(/usr/local/texlive/2016/texmf-dist/tex/latex/oberdiek/kvoptions.sty
Package: kvoptions 2016/05/16 v3.12 Key value format for package options (HO)
)
\@linkdim=\dimen118
\Hy@linkcounter=\count108
\Hy@pagecounter=\count109

(/usr/local/texlive/2016/texmf-dist/tex/latex/hyperref/pd1enc.def
File: pd1enc.def 2016/05/05 v6.83n Hyperref: PDFDocEncoding definition (HO)
)
\Hy@SavedSpaceFactor=\count110

(/usr/local/texlive/2016/texmf-dist/tex/latex/latexconfig/hyperref.cfg
File: hyperref.cfg 2002/06/06 v1.2 hyperref configuration of TeXLive
)
Package hyperref Info: Hyper figures OFF on input line 4446.
Package hyperref Info: Link nesting OFF on input line 4451.
Package hyperref Info: Hyper index ON on input line 4454.
Package hyperref Info: Plain pages OFF on input line 4461.
Package hyperref Info: Backreferencing OFF on input line 4466.
Package hyperref Info: Implicit mode ON; LaTeX internals redefined.
Package hyperref Info: Bookmarks ON on input line 4691.
\c@Hy@tempcnt=\count111

(/usr/local/texlive/2016/texmf-dist/tex/latex/url/url.sty
\Urlmuskip=\muskip11
Package: url 2013/09/16  ver 3.4  Verb mode for urls, etc.
)
LaTeX Info: Redefining \url on input line 5044.
\XeTeXLinkMargin=\dimen119
\Fld@menulength=\count112
\Field@Width=\dimen120
\Fld@charsize=\dimen121
Package hyperref Info: Hyper figures OFF on input line 6298.
Package hyperref Info: Link nesting OFF on input line 6303.
Package hyperref Info: Hyper index ON on input line 6306.
Package hyperref Info: backreferencing OFF on input line 6313.
Package hyperref Info: Link coloring OFF on input line 6318.
Package hyperref Info: Link coloring with OCG OFF on input line 6323.
Package hyperref Info: PDF/A mode OFF on input line 6328.
LaTeX Info: Redefining \ref on input line 6368.
LaTeX Info: Redefining \pageref on input line 6372.
\Hy@abspage=\count113
\c@Item=\count114
\c@Hfootnote=\count115
)

Package hyperref Message: Driver (autodetected): hpdftex.

(/usr/local/texlive/2016/texmf-dist/tex/latex/hyperref/hpdftex.def
File: hpdftex.def 2016/05/05 v6.83n Hyperref driver for pdfTeX
\Fld@listcount=\count116
\c@bookmark@seq@number=\count117

(/usr/local/texlive/2016/texmf-dist/tex/latex/oberdiek/rerunfilecheck.sty
Package: rerunfilecheck 2016/05/16 v1.8 Rerun checks for auxiliary files (HO)
Package uniquecounter Info: New unique counter `rerunfilecheck' on input line 2
82.
)
\Hy@SectionHShift=\skip46
)
(/usr/local/texlive/2016/texmf-dist/tex/latex/graphics/lscape.sty
Package: lscape 2000/10/22 v3.01 Landscape Pages (DPC)
)
(/usr/local/texlive/2016/texmf-dist/tex/latex/setspace/setspace.sty
Package: setspace 2011/12/19 v6.7a set line spacing
)
(/usr/local/texlive/2016/texmf-dist/tex/latex/pdfpages/pdfpages.sty
Package: pdfpages 2016/04/19 v0.5f Insert pages of external PDF documents (AM)

(/usr/local/texlive/2016/texmf-dist/tex/latex/base/ifthen.sty
Package: ifthen 2014/09/29 v1.1c Standard LaTeX ifthen package (DPC)
)
(/usr/local/texlive/2016/texmf-dist/tex/latex/tools/calc.sty
Package: calc 2014/10/28 v4.3 Infix arithmetic (KKT,FJ)
\calc@Acount=\count118
\calc@Bcount=\count119
\calc@Adimen=\dimen122
\calc@Bdimen=\dimen123
\calc@Askip=\skip47
\calc@Bskip=\skip48
LaTeX Info: Redefining \setlength on input line 80.
LaTeX Info: Redefining \addtolength on input line 81.
\calc@Ccount=\count120
\calc@Cskip=\skip49
)
(/usr/local/texlive/2016/texmf-dist/tex/latex/eso-pic/eso-pic.sty
Package: eso-pic 2015/07/21 v2.0g eso-pic (RN)

(/usr/local/texlive/2016/texmf-dist/tex/latex/xcolor/xcolor.sty
Package: xcolor 2016/05/11 v2.12 LaTeX color extensions (UK)

(/usr/local/texlive/2016/texmf-dist/tex/latex/graphics-cfg/color.cfg
File: color.cfg 2016/01/02 v1.6 sample color configuration
)
Package xcolor Info: Driver file: pdftex.def on input line 225.
Package xcolor Info: Model `cmy' substituted by `cmy0' on input line 1348.
Package xcolor Info: Model `hsb' substituted by `rgb' on input line 1352.
Package xcolor Info: Model `RGB' extended on input line 1364.
Package xcolor Info: Model `HTML' substituted by `rgb' on input line 1366.
Package xcolor Info: Model `Hsb' substituted by `hsb' on input line 1367.
Package xcolor Info: Model `tHsb' substituted by `hsb' on input line 1368.
Package xcolor Info: Model `HSB' substituted by `hsb' on input line 1369.
Package xcolor Info: Model `Gray' substituted by `gray' on input line 1370.
Package xcolor Info: Model `wave' substituted by `hsb' on input line 1371.
))
\AM@pagewidth=\dimen124
\AM@pageheight=\dimen125

(/usr/local/texlive/2016/texmf-dist/tex/latex/pdfpages/pppdftex.def
File: pppdftex.def 2016/04/19 v0.5f Pdfpages driver for pdfTeX (AM)
)
\AM@pagebox=\box30
\AM@global@opts=\toks21
\AM@toc@title=\toks22
\c@AM@survey=\count121
\AM@templatesizebox=\box31
)
(/usr/local/texlive/2016/texmf-dist/tex/latex/float/float.sty
Package: float 2001/11/08 v1.3d Float enhancements (AL)
\c@float@type=\count122
\float@exts=\toks23
\float@box=\box32
\@float@everytoks=\toks24
\@floatcapt=\box33
) (./report2.aux)
Runaway argument?
{\contentsline {subsection}{\numberline 
./report2.tex:30: File ended while scanning use of \@writefile.
<inserted text> 
                \par 
l.30 \begin{document}
                     
? 
\openout1 = `report2.aux'.

LaTeX Font Info:    Checking defaults for OML/cmm/m/it on input line 30.
LaTeX Font Info:    ... okay on input line 30.
LaTeX Font Info:    Checking defaults for T1/cmr/m/n on input line 30.
LaTeX Font Info:    ... okay on input line 30.
LaTeX Font Info:    Checking defaults for OT1/cmr/m/n on input line 30.
LaTeX Font Info:    ... okay on input line 30.
LaTeX Font Info:    Checking defaults for OMS/cmsy/m/n on input line 30.
LaTeX Font Info:    ... okay on input line 30.
LaTeX Font Info:    Checking defaults for OMX/cmex/m/n on input line 30.
LaTeX Font Info:    ... okay on input line 30.
LaTeX Font Info:    Checking defaults for U/cmr/m/n on input line 30.
LaTeX Font Info:    ... okay on input line 30.
LaTeX Font Info:    Checking defaults for PD1/pdf/m/n on input line 30.
LaTeX Font Info:    ... okay on input line 30.
(/usr/local/texlive/2016/texmf-dist/tex/context/base/mkii/supp-pdf.mkii
[Loading MPS to PDF converter (version 2006.09.02).]
\scratchcounter=\count123
\scratchdimen=\dimen126
\scratchbox=\box34
\nofMPsegments=\count124
\nofMParguments=\count125
\everyMPshowfont=\toks25
\MPscratchCnt=\count126
\MPscratchDim=\dimen127
\MPnumerator=\count127
\makeMPintoPDFobject=\count128
\everyMPtoPDFconversion=\toks26
) (/usr/local/texlive/2016/texmf-dist/tex/latex/oberdiek/epstopdf-base.sty
Package: epstopdf-base 2016/05/15 v2.6 Base part for package epstopdf

(/usr/local/texlive/2016/texmf-dist/tex/latex/oberdiek/grfext.sty
Package: grfext 2016/05/16 v1.2 Manage graphics extensions (HO)
)
Package grfext Info: Graphics extension search list:
(grfext)             [.png,.pdf,.jpg,.mps,.jpeg,.jbig2,.jb2,.PNG,.PDF,.JPG,.JPE
G,.JBIG2,.JB2,.eps]
(grfext)             \AppendGraphicsExtensions on input line 456.

(/usr/local/texlive/2016/texmf-dist/tex/latex/latexconfig/epstopdf-sys.cfg
File: epstopdf-sys.cfg 2010/07/13 v1.3 Configuration of (r)epstopdf for TeX Liv
e
))
\c@lstlisting=\count129
\AtBeginShipoutBox=\box35
Package hyperref Info: Link coloring OFF on input line 30.

(/usr/local/texlive/2016/texmf-dist/tex/latex/hyperref/nameref.sty
Package: nameref 2012/10/27 v2.43 Cross-referencing by name of section

(/usr/local/texlive/2016/texmf-dist/tex/generic/oberdiek/gettitlestring.sty
Package: gettitlestring 2016/05/16 v1.5 Cleanup title references (HO)
)
\c@section@level=\count130
)
LaTeX Info: Redefining \ref on input line 30.
LaTeX Info: Redefining \pageref on input line 30.
LaTeX Info: Redefining \nameref on input line 30.

(./report2.out) (./report2.out)
\@outlinefile=\write3
\openout3 = `report2.out'.


(/usr/local/texlive/2016/texmf-dist/tex/latex/oberdiek/pdflscape.sty
Package: pdflscape 2016/05/14 v0.11 Display of landscape pages in PDF (HO)
Package pdflscape Info: Auto-detected driver: pdftex on input line 81.
)
<logo.pdf, id=4, 653.91501pt x 217.01276pt>
File: logo.pdf Graphic file (type pdf)
 <use logo.pdf>
Package pdftex.def Info: logo.pdf used on input line 32.
(pdftex.def)             Requested size: 350.99762pt x 116.48312pt.
 [1

{/usr/local/texlive/2016/texmf-var/fonts/map/pdftex/updmap/pdftex.map} <./logo.
pdf>]
Overfull \hbox (79.42102pt too wide) in paragraph at lines 35--38
\OT1/cmr/m/n/10.95 https://github.com/Brendoncamm/SYP/tree/master/Documents/Sec
ond%20Semester%20Report
 []

[1]
<"../Second Semester Report/Letter of Transmittal/document".pdf, id=21, 614.295
pt x 794.97pt>
File: "../Second Semester Report/Letter of Transmittal/document".pdf Graphic fi
le (type pdf)

<use "../Second Semester Report/Letter of Transmittal/document".pdf>
Package pdftex.def Info: "../Second Semester Report/Letter of Transmittal/docum
ent".pdf used on input line 39.
(pdftex.def)             Requested size: 614.29349pt x 794.96806pt.
File: "../Second Semester Report/Letter of Transmittal/document".pdf Graphic fi
le (type pdf)

<use "../Second Semester Report/Letter of Transmittal/document".pdf>
Package pdftex.def Info: "../Second Semester Report/Letter of Transmittal/docum
ent".pdf used on input line 39.
(pdftex.def)             Requested size: 614.29349pt x 794.96806pt.

<"../Second Semester Report/Letter of Transmittal/document".pdf, id=24, page=1,
 614.295pt x 794.97pt>
File: "../Second Semester Report/Letter of Transmittal/document".pdf Graphic fi
le (type pdf)

<use "../Second Semester Report/Letter of Transmittal/document".pdf, page 1>
Package pdftex.def Info: "../Second Semester Report/Letter of Transmittal/docum
ent".pdf, page1 used on input line 39.
(pdftex.def)             Requested size: 614.29349pt x 794.96806pt.
File: "../Second Semester Report/Letter of Transmittal/document".pdf Graphic fi
le (type pdf)

<use "../Second Semester Report/Letter of Transmittal/document".pdf, page 1>
Package pdftex.def Info: "../Second Semester Report/Letter of Transmittal/docum
ent".pdf, page1 used on input line 39.
(pdftex.def)             Requested size: 614.58406pt x 795.3441pt.
File: "../Second Semester Report/Letter of Transmittal/document".pdf Graphic fi
le (type pdf)

<use "../Second Semester Report/Letter of Transmittal/document".pdf, page 1>
Package pdftex.def Info: "../Second Semester Report/Letter of Transmittal/docum
ent".pdf, page1 used on input line 39.
(pdftex.def)             Requested size: 614.58406pt x 795.3441pt.
File: "../Second Semester Report/Letter of Transmittal/document".pdf Graphic fi
le (type pdf)

<use "../Second Semester Report/Letter of Transmittal/document".pdf, page 1>
Package pdftex.def Info: "../Second Semester Report/Letter of Transmittal/docum
ent".pdf, page1 used on input line 39.
(pdftex.def)             Requested size: 614.58406pt x 795.3441pt.
pdfTeX warning (ext4): destination with the same identifier (name{page.}) has b
een already used, duplicate ignored
<to be read again> 
                   \relax 
l.39 ...er Report/Letter of Transmittal/document"}
                                                  
File: "../Second Semester Report/Letter of Transmittal/document".pdf Graphic fi
le (type pdf)

<use "../Second Semester Report/Letter of Transmittal/document".pdf, page 1>
Package pdftex.def Info: "../Second Semester Report/Letter of Transmittal/docum
ent".pdf, page1 used on input line 39.
(pdftex.def)             Requested size: 614.58406pt x 795.3441pt.

[2 <../Second Semester Report/Letter of Transmittal/document.pdf>]
(./report2.toc)
\tf@toc=\write4
\openout4 = `report2.toc'.

 [1]
LaTeX Font Info:    Try loading font information for OMS+cmr on input line 56.

(/usr/local/texlive/2016/texmf-dist/tex/latex/base/omscmr.fd
File: omscmr.fd 2014/09/29 v2.5h Standard LaTeX font definitions
)
LaTeX Font Info:    Font shape `OMS/cmr/m/n' in size <10.95> not available
(Font)              Font shape `OMS/cmsy/m/n' tried instead on input line 56.
pdfTeX warning (ext4): destination with the same identifier (name{page.1}) has 
been already used, duplicate ignored
<to be read again> 
                   \relax 
l.66 	\end{abstract}
                     [1] (./Section Verbatim/list_of_acronyms.tex)
(./Section Verbatim/Introduction.texpdfTeX warning (ext4): destination with the
 same identifier (name{page.1}) has been already used, duplicate ignored
<to be read again> 
                   \relax 
l.12 
      [1] [2] [3]) (./Section Verbatim/methods.tex

LaTeX Warning: Reference `proposed:simulations' on page 4 undefined on input li
ne 9.


LaTeX Warning: Reference `proposed:simulations' on page 4 undefined on input li
ne 17.

[4] [5] [6]) (./Section Verbatim/proposed_solution.tex [7]

LaTeX Warning: Reference `appendix:simulink' on page 8 undefined on input line 
10.

<system_arch.jpg, id=103, 776.9025pt x 182.18062pt>
File: system_arch.jpg Graphic file (type jpg)
 <use system_arch.jpg>
Package pdftex.def Info: system_arch.jpg used on input line 14.
(pdftex.def)             Requested size: 350.99762pt x 82.30853pt.

[8pdfTeX warning (ext4): destination with the same identifier (name{figure.1}) 
has been already used, duplicate ignored

\AtBegShi@Output ...ipout \box \AtBeginShipoutBox 
                                                  \fi \fi 
l.27 
      <./system_arch.jpg>]
<flowchart-architecture.jpg, id=117, 449.42906pt x 490.08093pt>
File: flowchart-architecture.jpg Graphic file (type jpg)

<use flowchart-architecture.jpg>
Package pdftex.def Info: flowchart-architecture.jpg used on input line 52.
(pdftex.def)             Requested size: 272.99881pt x 297.7001pt.
 [9] [10pdfTeX warning (ext4): destination with the same identifier (name{figur
e.2}) has been already used, duplicate ignored

\AtBegShi@Output ...ipout \box \AtBeginShipoutBox 
                                                  \fi \fi 
l.62 
      <./flowchart-architecture.jpg>]
<control-loop.jpg, id=133, 196.48407pt x 448.67625pt>
File: control-loop.jpg Graphic file (type jpg)
 <use control-loop.jpg>
Package pdftex.def Info: control-loop.jpg used on input line 65.
(pdftex.def)             Requested size: 117.00119pt x 267.18134pt.

[11pdfTeX warning (ext4): destination with the same identifier (name{figure.3})
 has been already used, duplicate ignored

\AtBegShi@Output ...ipout \box \AtBeginShipoutBox 
                                                  \fi \fi 
l.87 
      <./control-loop.jpg>] [12]
<Final_GUI_HOME.png, id=154, 550.30594pt x 426.84468pt>
File: Final_GUI_HOME.png Graphic file (type png)

<use Final_GUI_HOME.png>
Package pdftex.def Info: Final_GUI_HOME.png used on input line 111.
(pdftex.def)             Requested size: 390.0pt x 302.51474pt.

<Final_GUI_CTRL.png, id=155, 547.2947pt x 430.60875pt>
File: Final_GUI_CTRL.png Graphic file (type png)

<use Final_GUI_CTRL.png>
Package pdftex.def Info: Final_GUI_CTRL.png used on input line 116.
(pdftex.def)             Requested size: 390.0pt x 306.85133pt.
 [13] [14pdfTeX warning (ext4): destination with the same identifier (name{figu
re.4}) has been already used, duplicate ignored

\AtBegShi@Output ...ipout \box \AtBeginShipoutBox 
                                                  \fi \fi 
l.120 T
       he red outlined box is the field that the live plot will populate whe...
 <./Final_GUI_HOME.png>] <listWidget.png, id=171, 72.27pt x 54.2025pt>
File: listWidget.png Graphic file (type png)

<use listWidget.png>
Package pdftex.def Info: listWidget.png used on input line 122.
(pdftex.def)             Requested size: 390.0pt x 292.57994pt.
 [15pdfTeX warning (ext4): destination with the same identifier (name{figure.5}
) has been already used, duplicate ignored

\AtBegShi@Output ...ipout \box \AtBeginShipoutBox 
                                                  \fi \fi 
l.126 \subsubsection
                    {Initializing Communications and Manual Control} <./Final_G
UI_CTRL.png>] [16pdfTeX warning (ext4): destination with the same identifier (n
ame{figure.6}) has been already used, duplicate ignored

\AtBegShi@Output ...ipout \box \AtBeginShipoutBox 
                                                  \fi \fi 
l.130 
       <./listWidget.png>] <GUICtrlPop.png, id=188, 557.83406pt x 475.7775pt>
File: GUICtrlPop.png Graphic file (type png)

<use GUICtrlPop.png>
Package pdftex.def Info: GUICtrlPop.png used on input line 134.
(pdftex.def)             Requested size: 390.0pt x 332.64268pt.
 [17] <GUIPopup.png, id=195, 556.32843pt x 472.76625pt>
File: GUIPopup.png Graphic file (type png)

<use GUIPopup.png>
Package pdftex.def Info: GUIPopup.png used on input line 140.
(pdftex.def)             Requested size: 390.0pt x 331.42465pt.
 [18pdfTeX warning (ext4): destination with the same identifier (name{figure.7}
) has been already used, duplicate ignored

\AtBegShi@Output ...ipout \box \AtBeginShipoutBox 
                                                  \fi \fi 
l.144 
       <./GUICtrlPop.png>] [19pdfTeX warning (ext4): destination with the same 
identifier (name{figure.8}) has been already used, duplicate ignored

\AtBegShi@Output ...ipout \box \AtBeginShipoutBox 
                                                  \fi \fi 
l.149 
       <./GUIPopup.png>] <plot.png, id=207, 556.32843pt x 473.51906pt>
File: plot.png Graphic file (type png)

<use plot.png>
Package pdftex.def Info: plot.png used on input line 154.
(pdftex.def)             Requested size: 390.0pt x 331.9524pt.
 <plot2.png, id=209, 554.82281pt x 473.51906pt>
File: plot2.png Graphic file (type png)
 <use plot2.png>
Package pdftex.def Info: plot2.png used on input line 159.
(pdftex.def)             Requested size: 390.0pt x 332.84833pt.

[20] [21pdfTeX warning (ext4): destination with the same identifier (name{figur
e.9}) has been already used, duplicate ignored

\AtBegShi@Output ...ipout \box \AtBeginShipoutBox 
                                                  \fi \fi 
l.163 
       <./plot.png>]) (./Section Verbatim/results.tex
<stepresponse.jpg, id=223, 562.1pt x 421.575pt>
File: stepresponse.jpg Graphic file (type jpg)
 <use stepresponse.jpg>
Package pdftex.def Info: stepresponse.jpg used on input line 12.
(pdftex.def)             Requested size: 281.04932pt x 210.78697pt.


LaTeX Warning: `h' float specifier changed to `ht'.

[22pdfTeX warning (ext4): destination with the same identifier (name{figure.10}
) has been already used, duplicate ignored

\AtBegShi@Output ...ipout \box \AtBeginShipoutBox 
                                                  \fi \fi 
l.18 
      <./plot2.png>] [23pdfTeX warning (ext4): destination with the same identi
fier (name{figure.11}) has been already used, duplicate ignored

\AtBegShi@Output ...ipout \box \AtBeginShipoutBox 
                                                  \fi \fi 
l.39 
      <./stepresponse.jpg>]
<Motor_Characterization.jpg, id=241, 2569.6pt x 1503.6175pt>
File: Motor_Characterization.jpg Graphic file (type jpg)

<use Motor_Characterization.jpg>
Package pdftex.def Info: Motor_Characterization.jpg used on input line 52.
(pdftex.def)             Requested size: 390.0pt x 228.19432pt.
 [24] [25pdfTeX warning (ext4): destination with the same identifier (name{figu
re.12}) has been already used, duplicate ignored

\AtBegShi@Output ...ipout \box \AtBeginShipoutBox 
                                                  \fi \fi 
l.60 
      <./Motor_Characterization.jpg>] [26]) (./Section Verbatim/discussion.tex
[27]) (./Section Verbatim/future_recommendations.tex
Overfull \hbox (10.0631pt too wide) in paragraph at lines 12--13
[]\OT1/cmr/m/n/10.95 Better Fil-ter-ing of Al-ti-tude Mea-sure-ments In-cor-po-
rate Ac-celerom-e-ter - Barom-
 []

[28]) [29] (./Section Verbatim/appendix_simulink.tex
<Dynamic_Simulation.pdf, id=285, page=1, 794.97pt x 614.295pt>
File: Dynamic_Simulation.pdf Graphic file (type pdf)

<use Dynamic_Simulation.pdf, page 1>
Package pdftex.def Info: Dynamic_Simulation.pdf, page1 used on input line 5.
(pdftex.def)             Requested size: 454.22934pt x 350.99762pt.
 [30

]
Overfull \vbox (12.71298pt too high) has occurred while \output is active []


[31 <./Dynamic_Simulation.pdf>]
<Input_Model.pdf, id=313, page=1, 794.97pt x 614.295pt>
File: Input_Model.pdf Graphic file (type pdf)

<use Input_Model.pdf, page 1>
Package pdftex.def Info: Input_Model.pdf, page1 used on input line 7.
(pdftex.def)             Requested size: 454.22934pt x 350.99762pt.

<Dynamic_Simulation.pdf, id=314, page=2, 794.97pt x 614.295pt>
File: Dynamic_Simulation.pdf Graphic file (type pdf)

<use Dynamic_Simulation.pdf, page 2>
Package pdftex.def Info: Dynamic_Simulation.pdf, page2 used on input line 9.
(pdftex.def)             Requested size: 454.22934pt x 350.99762pt.
 [32 <./Input_Model.pdf>]
<Dynamic_Simulation.pdf, id=332, page=3, 794.97pt x 614.295pt>
File: Dynamic_Simulation.pdf Graphic file (type pdf)

<use Dynamic_Simulation.pdf, page 3>
Package pdftex.def Info: Dynamic_Simulation.pdf, page3 used on input line 11.
(pdftex.def)             Requested size: 454.22934pt x 350.99762pt.
 [33 <./Dynamic_Simulation.pdf>]
<motor_characterization.pdf, id=391, page=1, 794.97pt x 614.295pt>
File: motor_characterization.pdf Graphic file (type pdf)

<use motor_characterization.pdf, page 1>
Package pdftex.def Info: motor_characterization.pdf, page1 used on input line 1
3.
(pdftex.def)             Requested size: 454.22934pt x 350.99762pt.
 [34 <./Dynamic_Simulation.pdf>]
<Dynamic_Simulation.pdf, id=405, page=4, 794.97pt x 614.295pt>
File: Dynamic_Simulation.pdf Graphic file (type pdf)

<use Dynamic_Simulation.pdf, page 4>
Package pdftex.def Info: Dynamic_Simulation.pdf, page4 used on input line 15.
(pdftex.def)             Requested size: 454.22934pt x 350.99762pt.
 [35 <./motor_characterization.pdf>]
<Dynamic_Simulation.pdf, id=428, page=5, 794.97pt x 614.295pt>
File: Dynamic_Simulation.pdf Graphic file (type pdf)

<use Dynamic_Simulation.pdf, page 5>
Package pdftex.def Info: Dynamic_Simulation.pdf, page5 used on input line 17.
(pdftex.def)             Requested size: 454.22934pt x 350.99762pt.
 [36 <./Dynamic_Simulation.pdf>] [37 <./Dynamic_Simulation.pdf>]) (./Section Ve
rbatim/appendix_software.tex
(/usr/local/texlive/2016/texmf-dist/tex/latex/listings/lstlang1.sty
File: lstlang1.sty 2015/06/04 1.6 listings language file
)
(/usr/local/texlive/2016/texmf-dist/tex/latex/listings/lstmisc.sty
File: lstmisc.sty 2015/06/04 1.6 (Carsten Heinz)
)
LaTeX Font Info:    Font shape `OMS/cmr/m/it' in size <6> not available
(Font)              Font shape `OMS/cmsy/m/n' tried instead on input line 12.
LaTeX Font Info:    Try loading font information for OML+cmr on input line 20.

(/usr/local/texlive/2016/texmf-dist/tex/latex/base/omlcmr.fd
File: omlcmr.fd 2014/09/29 v2.5h Standard LaTeX font definitions
)
LaTeX Font Info:    Font shape `OML/cmr/m/n' in size <6> not available
(Font)              Font shape `OML/cmm/m/it' tried instead on input line 20.
LaTeX Font Info:    Font shape `OMS/cmr/m/n' in size <6> not available
(Font)              Font shape `OMS/cmsy/m/n' tried instead on input line 29.
 [38

] [39]
LaTeX Font Info:    Font shape `OML/cmr/m/it' in size <6> not available
(Font)              Font shape `OML/cmm/m/it' tried instead on input line 188.

[40]
Overfull \hbox (1.59946pt too wide) in paragraph at lines 226--227
[][][][][][][][][][][][][][][][][][][][][][][][][][][][][][][][][] 
 []


Overfull \hbox (36.79941pt too wide) in paragraph at lines 261--263
[][][][][][][][][][][][][][][][][][][][][][][][][][][][][][][][] 
 []

[41] [42] [43] [44] [45] [46]
Missing character: There is no © in font cmr6!

Overfull \hbox (67.59937pt too wide) in paragraph at lines 555--557
[][][][][][][][][][][][][][][][][][][][][][][][][][][][][][][][] 
 []

[47]
Overfull \hbox (19.19943pt too wide) in paragraph at lines 569--571
[][][][][][][][][][][][][][][][][][][][][][][][][][][][][][][][][][][][] 
 []


Overfull \hbox (10.39944pt too wide) in paragraph at lines 583--585
[][][][][][][][][][][][][][][][][][][][][][][][][][][][][][][][][][][] 
 []


Overfull \hbox (23.59943pt too wide) in paragraph at lines 585--587
[][][][][][][][][][][][][][][][][][][][][][][][][][][][][][][][][][] 
 []


Overfull \hbox (14.79944pt too wide) in paragraph at lines 606--607
[][][][][][][][][][][][][][][][][][][][][][][][][][][][] 
 []

[48]) (./Section Verbatim/appendix_GUI.tex
(/usr/local/texlive/2016/texmf-dist/tex/latex/listings/lstlang1.sty
File: lstlang1.sty 2015/06/04 1.6 listings language file
) [49]
[50] <OLDGUI1.png, id=1652, 296.60812pt x 227.34938pt>
File: OLDGUI1.png Graphic file (type png)
 <use OLDGUI1.png>
Package pdftex.def Info: OLDGUI1.png used on input line 181.
(pdftex.def)             Requested size: 390.0pt x 298.9469pt.

<OLDGUI2.png, id=1653, 300.3722pt x 236.38312pt>
File: OLDGUI2.png Graphic file (type png)
 <use OLDGUI2.png>
Package pdftex.def Info: OLDGUI2.png used on input line 185.
(pdftex.def)             Requested size: 390.0pt x 306.94453pt.
 [51])
[52pdfTeX warning (ext4): destination with the same identifier (name{figure.C.1
}) has been already used, duplicate ignored

\AtBegShi@Output ...ipout \box \AtBeginShipoutBox 
                                                  \fi \fi 
l.92 	\label{appendix:gui}
                           <./OLDGUI1.png>]
Package atveryend Info: Empty hook `BeforeClearDocument' on input line 100.
 [53pdfTeX warning (ext4): destination with the same identifier (name{figure.C.
2}) has been already used, duplicate ignored

\AtBegShi@Output ...ipout \box \AtBeginShipoutBox 
                                                  \fi \fi 
l.100 \end{document}
                     <./OLDGUI2.png>]
Package atveryend Info: Empty hook `AfterLastShipout' on input line 100.
 (./report2.aux)
Package atveryend Info: Executing hook `AtVeryEndDocument' on input line 100.
Package atveryend Info: Executing hook `AtEndAfterFileList' on input line 100.


Package rerunfilecheck Warning: File `report2.out' has changed.
(rerunfilecheck)                Rerun to get outlines right
(rerunfilecheck)                or use package `bookmark'.

Package rerunfilecheck Info: Checksums for `report2.out':
(rerunfilecheck)             Before: D41D8CD98F00B204E9800998ECF8427E;0
(rerunfilecheck)             After:  4652A4798507D9BBC2F0B1D87FC90903;4083.

LaTeX Warning: There were undefined references.


LaTeX Warning: Label(s) may have changed. Rerun to get cross-references right.

Package atveryend Info: Empty hook `AtVeryVeryEnd' on input line 100.
 ) 
Here is how much of TeX's memory you used:
 10446 strings out of 493014
 150579 string characters out of 6133351
 290574 words of memory out of 5000000
 12922 multiletter control sequences out of 15000+600000
 12269 words of font info for 44 fonts, out of 8000000 for 9000
 1141 hyphenation exceptions out of 8191
 37i,18n,51p,1136b,1868s stack positions out of 5000i,500n,10000p,200000b,80000s
</usr/local/texlive/2016/texmf-dist/fonts/type1/public/amsfonts/cm/cmbx10.pfb
></usr/local/texlive/2016/texmf-dist/fonts/type1/public/amsfonts/cm/cmbx12.pfb>
</usr/local/texlive/2016/texmf-dist/fonts/type1/public/amsfonts/cm/cmbx6.pfb></
usr/local/texlive/2016/texmf-dist/fonts/type1/public/amsfonts/cm/cmmi10.pfb></u
sr/local/texlive/2016/texmf-dist/fonts/type1/public/amsfonts/cm/cmmi6.pfb></usr
/local/texlive/2016/texmf-dist/fonts/type1/public/amsfonts/cm/cmmi8.pfb></usr/l
ocal/texlive/2016/texmf-dist/fonts/type1/public/amsfonts/cm/cmr10.pfb></usr/loc
al/texlive/2016/texmf-dist/fonts/type1/public/amsfonts/cm/cmr12.pfb></usr/local
/texlive/2016/texmf-dist/fonts/type1/public/amsfonts/cm/cmr17.pfb></usr/local/t
exlive/2016/texmf-dist/fonts/type1/public/amsfonts/cm/cmr6.pfb></usr/local/texl
ive/2016/texmf-dist/fonts/type1/public/amsfonts/cm/cmr8.pfb></usr/local/texlive
/2016/texmf-dist/fonts/type1/public/amsfonts/cm/cmsy10.pfb></usr/local/texlive/
2016/texmf-dist/fonts/type1/public/amsfonts/cm/cmsy6.pfb></usr/local/texlive/20
16/texmf-dist/fonts/type1/public/amsfonts/cm/cmsy8.pfb></usr/local/texlive/2016
/texmf-dist/fonts/type1/public/amsfonts/cm/cmti7.pfb>
Output written on report2.pdf (58 pages, 778734 bytes).
PDF statistics:
 1933 PDF objects out of 2073 (max. 8388607)
 1738 compressed objects within 18 object streams
 905 named destinations out of 1000 (max. 500000)
 131 words of extra memory for PDF output out of 10000 (max. 10000000)

