\BOOKMARK [1][-]{section.1}{Procedure}{}% 1
\BOOKMARK [1][-]{section.2}{Simulink Simulation}{}% 2
\BOOKMARK [2][-]{subsection.2.1}{Opening the Simulation}{section.2}% 3
\BOOKMARK [2][-]{subsection.2.2}{Running the Simulation}{section.2}% 4
\BOOKMARK [1][-]{section.3}{Raspberry Pi}{}% 5
\BOOKMARK [2][-]{subsection.3.1}{Required Software}{section.3}% 6
\BOOKMARK [2][-]{subsection.3.2}{Control Server}{section.3}% 7
\BOOKMARK [2][-]{subsection.3.3}{Communication Feedback Server}{section.3}% 8
\BOOKMARK [1][-]{section.4}{Arduino}{}% 9
\BOOKMARK [2][-]{subsection.4.1}{Required Software}{section.4}% 10
\BOOKMARK [2][-]{subsection.4.2}{Software Breakdown}{section.4}% 11
\BOOKMARK [3][-]{subsubsection.4.2.1}{Main.ino Description}{subsection.4.2}% 12
\BOOKMARK [3][-]{subsubsection.4.2.2}{Functions Breakdown}{subsection.4.2}% 13
\BOOKMARK [2][-]{subsection.4.3}{Additional Resources}{section.4}% 14
\BOOKMARK [1][-]{section.5}{GUI}{}% 15
\BOOKMARK [2][-]{subsection.5.1}{Required Software}{section.5}% 16
\BOOKMARK [2][-]{subsection.5.2}{Basic Functionality}{section.5}% 17
\BOOKMARK [3][-]{subsubsection.5.2.1}{Home}{subsection.5.2}% 18
\BOOKMARK [3][-]{subsubsection.5.2.2}{Controller}{subsection.5.2}% 19
\BOOKMARK [2][-]{subsection.5.3}{Additional Resources}{section.5}% 20
\BOOKMARK [3][-]{subsubsection.5.3.1}{QtCreator Resources}{subsection.5.3}% 21
\BOOKMARK [3][-]{subsubsection.5.3.2}{PyQt5 Resources}{subsection.5.3}% 22
\BOOKMARK [3][-]{subsubsection.5.3.3}{Library and general Python Resources}{subsection.5.3}% 23
\BOOKMARK [1][-]{appendix.A}{GUI}{}% 24
\BOOKMARK [2][-]{subsection.A.1}{GUI Code}{appendix.A}% 25
\BOOKMARK [2][-]{subsection.A.2}{Joystick Code}{appendix.A}% 26
\BOOKMARK [1][-]{appendix.B}{Server Code}{}% 27
\BOOKMARK [1][-]{appendix.C}{Arduino Library}{}% 28
\BOOKMARK [2][-]{subsection.C.1}{Arduino Main File}{appendix.C}% 29
