\BOOKMARK [1][-]{section.1}{List of Acronyms}{}% 1
\BOOKMARK [1][-]{section.2}{Objectives and Deliverables}{}% 2
\BOOKMARK [2][-]{subsection.2.1}{Overall Objective}{section.2}% 3
\BOOKMARK [2][-]{subsection.2.2}{Short Term Objectives \(October 2016 - December 2016\)}{section.2}% 4
\BOOKMARK [2][-]{subsection.2.3}{Long Term Objectives \(Dec 2016 - April 2017\)}{section.2}% 5
\BOOKMARK [2][-]{subsection.2.4}{Deliverables}{section.2}% 6
\BOOKMARK [1][-]{section.3}{Background and Significance}{}% 7
\BOOKMARK [1][-]{section.4}{Proposed Approach and Validation}{}% 8
\BOOKMARK [2][-]{subsection.4.1}{First Phase}{section.4}% 9
\BOOKMARK [2][-]{subsection.4.2}{Second Phase}{section.4}% 10
\BOOKMARK [1][-]{section.5}{Preliminary Results}{}% 11
\BOOKMARK [2][-]{subsection.5.1}{SimuLink System Models}{section.5}% 12
\BOOKMARK [2][-]{subsection.5.2}{Hover Test}{section.5}% 13
\BOOKMARK [2][-]{subsection.5.3}{Proof of Concept and Testing Performed}{section.5}% 14
\BOOKMARK [1][-]{section.6}{Work Plan and Milestones}{}% 15
\BOOKMARK [2][-]{subsection.6.1}{First Semester \(Sep - Dec 2016\)}{section.6}% 16
\BOOKMARK [2][-]{subsection.6.2}{Second Semester \(Jan - Apr 2017\)}{section.6}% 17
\BOOKMARK [1][-]{section.7}{Distribution of Tasks}{}% 18
\BOOKMARK [2][-]{subsection.7.1}{First Semester \(Sep - Dec 2016\)}{section.7}% 19
\BOOKMARK [2][-]{subsection.7.2}{Second Semester \(Jan - Apr 2017\)}{section.7}% 20
\BOOKMARK [1][-]{section.8}{Budget}{}% 21
\BOOKMARK [1][-]{appendix.A}{Proof of Concept and Testing}{}% 22
